[debug] [2022-03-17T16:05:20.364Z] ----------------------------------------------------------------------
[debug] [2022-03-17T16:05:20.366Z] Command:       C:\Program Files\nodejs\node.exe C:\Users\bibif\AppData\Roaming\npm\node_modules\firebase-tools\lib\bin\firebase.js deploy
[debug] [2022-03-17T16:05:20.366Z] CLI Version:   10.2.2
[debug] [2022-03-17T16:05:20.366Z] Platform:      win32
[debug] [2022-03-17T16:05:20.367Z] Node Version:  v14.17.0
[debug] [2022-03-17T16:05:20.376Z] Time:          Thu Mar 17 2022 11:05:20 GMT-0500 (Colombia Standard Time)
[debug] [2022-03-17T16:05:20.376Z] ----------------------------------------------------------------------
[debug] 
[debug] [2022-03-17T16:05:20.446Z] > command requires scopes: ["email","openid","https://www.googleapis.com/auth/cloudplatformprojects.readonly","https://www.googleapis.com/auth/firebase","https://www.googleapis.com/auth/cloud-platform"]
[debug] [2022-03-17T16:05:20.447Z] > authorizing via signed-in user (bartzavaal@gmail.com)
[debug] [2022-03-17T16:05:20.447Z] [iam] checking project db-admin-impercol for permissions ["firebase.projects.get","firebasehosting.sites.update"]
[debug] [2022-03-17T16:05:20.450Z] > refreshing access token with scopes: []
[debug] [2022-03-17T16:05:20.451Z] >>> HTTP REQUEST POST https://www.googleapis.com/oauth2/v3/token  
 <request body omitted>
[debug] [2022-03-17T16:05:21.302Z] <<< HTTP RESPONSE 200 {"expires":"Mon, 01 Jan 1990 00:00:00 GMT","cache-control":"no-cache, no-store, max-age=0, must-revalidate","date":"Thu, 17 Mar 2022 16:05:20 GMT","pragma":"no-cache","content-type":"application/json; charset=utf-8","vary":"X-Origin, Referer, Origin,Accept-Encoding","server":"scaffolding on HTTPServer2","x-xss-protection":"0","x-frame-options":"SAMEORIGIN","x-content-type-options":"nosniff","alt-svc":"h3=\":443\"; ma=2592000,h3-29=\":443\"; ma=2592000,h3-Q050=\":443\"; ma=2592000,h3-Q046=\":443\"; ma=2592000,h3-Q043=\":443\"; ma=2592000,quic=\":443\"; ma=2592000; v=\"46,43\"","accept-ranges":"none","transfer-encoding":"chunked"}
[debug] [2022-03-17T16:05:21.310Z] >>> [apiv2][query] POST https://cloudresourcemanager.googleapis.com/v1/projects/db-admin-impercol:testIamPermissions [none]
[debug] [2022-03-17T16:05:21.310Z] >>> [apiv2][body] POST https://cloudresourcemanager.googleapis.com/v1/projects/db-admin-impercol:testIamPermissions {"permissions":["firebase.projects.get","firebasehosting.sites.update"]}
[debug] [2022-03-17T16:05:24.300Z] <<< [apiv2][status] POST https://cloudresourcemanager.googleapis.com/v1/projects/db-admin-impercol:testIamPermissions 200
[debug] [2022-03-17T16:05:24.300Z] <<< [apiv2][body] POST https://cloudresourcemanager.googleapis.com/v1/projects/db-admin-impercol:testIamPermissions {}
[debug] [2022-03-17T16:05:24.300Z] [iam] error while checking permissions, command may fail: FirebaseError: Authorization failed. This account is missing the following required permissions on project db-admin-impercol:

  firebase.projects.get
  firebasehosting.sites.update
[debug] [2022-03-17T16:05:24.304Z] >>> [apiv2][query] GET https://firebase.googleapis.com/v1beta1/projects/db-admin-impercol [none]
[debug] [2022-03-17T16:05:27.838Z] <<< [apiv2][status] GET https://firebase.googleapis.com/v1beta1/projects/db-admin-impercol 403
[debug] [2022-03-17T16:05:27.838Z] <<< [apiv2][body] GET https://firebase.googleapis.com/v1beta1/projects/db-admin-impercol {"error":{"code":403,"message":"The caller does not have permission","status":"PERMISSION_DENIED"}}
[debug] [2022-03-17T16:05:27.838Z] HTTP Error: 403, The caller does not have permission
[debug] [2022-03-17T16:05:32.598Z] FirebaseError: HTTP Error: 403, The caller does not have permission
    at module.exports (C:\Users\bibif\AppData\Roaming\npm\node_modules\firebase-tools\lib\responseToError.js:47:12)
    at RetryOperation._fn (C:\Users\bibif\AppData\Roaming\npm\node_modules\firebase-tools\lib\apiv2.js:286:39)
    at processTicksAndRejections (internal/process/task_queues.js:95:5)
[error] 
[error] Error: Failed to get Firebase project db-admin-impercol. Please make sure the project exists and your account has permission to access it.
